<?xml version="1.0" encoding="UTF-8"?>
<!-- Generated by org.testng.reporters.JUnitXMLReporter -->
<testsuite ignored="0" hostname="INBook_X1" failures="0" tests="2" name="Test-Runner-edge" time="48.801" errors="0" timestamp="2023-07-25T21:10:32 IST">
  <testcase classname="VTiger_Organization_Tests.CreateOrgWithIndustry_TestAssert" name="createOrgWithIndustryTest" time="14.991"/>
  <testcase classname="VTiger_Organization_Tests.CreateOrgWithIndustry_TestAssert" name="sample" time="0.0"/>
</testsuite> <!-- Test-Runner-edge -->
