<?xml version="1.0" encoding="UTF-8"?>
<!-- Generated by org.testng.reporters.JUnitXMLReporter -->
<testsuite ignored="0" hostname="INBook_X1" failures="0" tests="2" name="Test-Runner-2" time="65.518" errors="0" timestamp="2023-07-25T20:17:26 IST">
  <testcase classname="VTiger_Contact_Tests.CreateContactWithOrg_TestAssert" name="createContactWithOrg" time="32.316"/>
  <testcase classname="VTiger_Contact_Tests.CreateContactWithOrg_TestAssert" name="demoTest" time="0.004"/>
</testsuite> <!-- Test-Runner-2 -->
