<?xml version="1.0" encoding="UTF-8"?>
<!-- Generated by org.testng.reporters.JUnitReportReporter -->
<testsuite hostname="INBook_X1" failures="0" tests="5" name="VTiger_Organization_Tests.CreateMultipleOrgWithIndustryTest" time="106.024" errors="0" timestamp="2023-07-20T17:27:22 IST" skipped="0">
  <testcase classname="VTiger_Organization_Tests.CreateMultipleOrgWithIndustryTest" name="createMultipleOrg" time="21.682"/>
  <system-out/>
  <testcase classname="VTiger_Organization_Tests.CreateMultipleOrgWithIndustryTest" name="createMultipleOrg" time="21.778"/>
  <system-out/>
  <testcase classname="VTiger_Organization_Tests.CreateMultipleOrgWithIndustryTest" name="createMultipleOrg" time="21.345"/>
  <system-out/>
  <testcase classname="VTiger_Organization_Tests.CreateMultipleOrgWithIndustryTest" name="createMultipleOrg" time="20.403"/>
  <system-out/>
  <testcase classname="VTiger_Organization_Tests.CreateMultipleOrgWithIndustryTest" name="createMultipleOrg" time="20.816"/>
  <system-out/>
</testsuite> <!-- VTiger_Organization_Tests.CreateMultipleOrgWithIndustryTest -->
