<?xml version="1.0" encoding="UTF-8"?>
<!-- Generated by org.testng.reporters.JUnitReportReporter -->
<testsuite hostname="INBook_X1" failures="0" tests="3" name="Vtiger.practise.DataProviderPractise" time="0.015" errors="0" timestamp="2023-07-18T20:24:36 IST" skipped="0">
  <testcase classname="Vtiger.practise.DataProviderPractise" name="addToCartTest" time="0.003"/>
  <system-out/>
  <testcase classname="Vtiger.practise.DataProviderPractise" name="addToCartTest" time="0.010"/>
  <system-out/>
  <testcase classname="Vtiger.practise.DataProviderPractise" name="addToCartTest" time="0.002"/>
  <system-out/>
</testsuite> <!-- Vtiger.practise.DataProviderPractise -->
