<?xml version="1.0" encoding="UTF-8"?>
<!-- Generated by org.testng.reporters.JUnitReportReporter -->
<testsuite hostname="INBook_X1" failures="0" tests="4" name="VTiger_Organization_Tests.CreateOrgWithIndustry_TestAssert" time="67.992" errors="0" timestamp="2023-07-25T21:10:33 IST" skipped="0">
  <testcase classname="VTiger_Organization_Tests.CreateOrgWithIndustry_TestAssert" name="sample" time="10.163"/>
  <system-out/>
  <testcase classname="VTiger_Organization_Tests.CreateOrgWithIndustry_TestAssert" name="createOrgWithIndustryTest" time="26.510"/>
  <system-out/>
  <testcase classname="VTiger_Organization_Tests.CreateOrgWithIndustry_TestAssert" name="createOrgWithIndustryTest" time="23.464"/>
  <system-out/>
  <testcase classname="VTiger_Organization_Tests.CreateOrgWithIndustry_TestAssert" name="sample" time="7.855"/>
  <system-out/>
</testsuite> <!-- VTiger_Organization_Tests.CreateOrgWithIndustry_TestAssert -->
