<?xml version="1.0" encoding="UTF-8"?>
<!-- Generated by org.testng.reporters.JUnitReportReporter -->
<testsuite hostname="INBook_X1" failures="0" tests="1" name="VTiger_Organization_Tests.CreateOrgWithIndustryAndType_TestAssert" time="23.270" errors="0" timestamp="2023-07-21T19:58:21 IST" skipped="0">
  <testcase classname="VTiger_Organization_Tests.CreateOrgWithIndustryAndType_TestAssert" name="createOrgWithIndustryAndType" time="23.270"/>
  <system-out/>
</testsuite> <!-- VTiger_Organization_Tests.CreateOrgWithIndustryAndType_TestAssert -->
