<?xml version="1.0" encoding="UTF-8"?>
<!-- Generated by org.testng.reporters.JUnitReportReporter -->
<testsuite hostname="INBook_X1" failures="0" tests="2" name="VTiger_Contact_Tests.CreateContactWithOrg_TestAssert" time="47.815" errors="0" timestamp="2023-08-01T19:33:21 IST" skipped="0">
  <testcase classname="VTiger_Contact_Tests.CreateContactWithOrg_TestAssert" name="createContactWithOrg" time="39.019"/>
  <system-out/>
  <testcase classname="VTiger_Contact_Tests.CreateContactWithOrg_TestAssert" name="demoTest" time="8.796"/>
  <system-out/>
</testsuite> <!-- VTiger_Contact_Tests.CreateContactWithOrg_TestAssert -->
