<?xml version="1.0" encoding="UTF-8"?>
<!-- Generated by org.testng.reporters.JUnitReportReporter -->
<testsuite hostname="INBook_X1" failures="0" tests="1" name="Vtiger.practise.ReadDataFromCmdLineTest" time="0.014" errors="0" timestamp="2023-08-01T20:09:55 IST" skipped="0">
  <testcase classname="Vtiger.practise.ReadDataFromCmdLineTest" name="read" time="0.014"/>
  <system-out/>
</testsuite> <!-- Vtiger.practise.ReadDataFromCmdLineTest -->
