<?xml version="1.0" encoding="UTF-8"?>
<!-- Generated by org.testng.reporters.JUnitReportReporter -->
<testsuite hostname="INBook_X1" failures="0" tests="1" name="VTiger_Products_Tests.CreateProductWithVendor_TestAssert" time="18.294" errors="0" timestamp="2023-07-24T17:57:07 IST" skipped="0">
  <testcase classname="VTiger_Products_Tests.CreateProductWithVendor_TestAssert" name="createProductWithVendor" time="18.294"/>
  <system-out/>
</testsuite> <!-- VTiger_Products_Tests.CreateProductWithVendor_TestAssert -->
