<?xml version="1.0" encoding="UTF-8"?>
<!-- Generated by org.testng.reporters.JUnitReportReporter -->
<testsuite hostname="INBook_X1" failures="0" tests="1" name="VTiger_Organization_Tests.CreateOrgWithIndustryTest_POM" time="12.518" errors="0" timestamp="2023-07-20T00:26:25 IST" skipped="0">
  <testcase classname="VTiger_Organization_Tests.CreateOrgWithIndustryTest_POM" name="createOrgWithIndustryTest" time="12.518"/>
  <system-out/>
</testsuite> <!-- VTiger_Organization_Tests.CreateOrgWithIndustryTest_POM -->
