<?xml version="1.0" encoding="UTF-8"?>
<!-- Generated by org.testng.reporters.JUnitReportReporter -->
<testsuite hostname="INBook_X1" failures="0" tests="1" name="VTiger_Campaigns_Tests.CreateCampaignWithTypeStatusProduct_TestAsset" time="33.259" errors="0" timestamp="2023-07-24T18:28:48 IST" skipped="0">
  <testcase classname="VTiger_Campaigns_Tests.CreateCampaignWithTypeStatusProduct_TestAsset" name="createCampaignWithTypeStatusProduct" time="33.259"/>
  <system-out/>
</testsuite> <!-- VTiger_Campaigns_Tests.CreateCampaignWithTypeStatusProduct_TestAsset -->
