<?xml version="1.0" encoding="UTF-8"?>
<!-- Generated by org.testng.reporters.JUnitReportReporter -->
<testsuite hostname="INBook_X1" failures="0" tests="1" name="VTiger_Organization_Tests.CreateOrganizationTest_DDT" time="0.649" errors="0" timestamp="2023-07-19T18:25:53 IST" skipped="0">
  <testcase classname="VTiger_Organization_Tests.CreateOrganizationTest_DDT" name="createOrganizationTest" time="0.649"/>
  <system-out/>
</testsuite> <!-- VTiger_Organization_Tests.CreateOrganizationTest_DDT -->
