<?xml version="1.0" encoding="UTF-8"?>
<!-- Generated by org.testng.reporters.JUnitReportReporter -->
<testsuite hostname="INBook_X1" failures="0" tests="3" name="Vtiger.practise.TestNGPractisePriority" time="0.017" errors="0" timestamp="2023-07-17T21:00:50 IST" skipped="0">
  <testcase classname="Vtiger.practise.TestNGPractisePriority" name="deleteCustomer" time="0.012"/>
  <system-out/>
  <testcase classname="Vtiger.practise.TestNGPractisePriority" name="modifyCustomer" time="0.003"/>
  <system-out/>
  <testcase classname="Vtiger.practise.TestNGPractisePriority" name="createCustomer" time="0.002"/>
  <system-out/>
</testsuite> <!-- Vtiger.practise.TestNGPractisePriority -->
